The system is: Darwin - 24.6.0 - x86_64
Compiling the CXX compiler identification source file "CMakeCXXCompilerId.cpp" succeeded.
Compiler: /Library/Developer/CommandLineTools/usr/bin/c++ 
Build flags: 
Id flags: -c 

The output was:
0


Compilation of the CXX compiler identification source "CMakeCXXCompilerId.cpp" produced "CMakeCXXCompilerId.o"

The CXX compiler identification is AppleClang, found in "/Users/krutarthtrivedi/Desktop/Nayana/Spring 2026/Simulation and performance Evaluation/Final Project/Project_Skeleton_idea/build/CMakeFiles/3.17.1/CompilerIdCXX/CMakeCXXCompilerId.o"

Compiling the C compiler identification source file "CMakeCCompilerId.c" succeeded.
Compiler: /Library/Developer/CommandLineTools/usr/bin/cc 
Build flags: 
Id flags: -c 

The output was:
0


Compilation of the C compiler identification source "CMakeCCompilerId.c" produced "CMakeCCompilerId.o"

The C compiler identification is AppleClang, found in "/Users/krutarthtrivedi/Desktop/Nayana/Spring 2026/Simulation and performance Evaluation/Final Project/Project_Skeleton_idea/build/CMakeFiles/3.17.1/CompilerIdC/CMakeCCompilerId.o"

Determining if the CXX compiler works passed with the following output:
Change Dir: /Users/krutarthtrivedi/Desktop/Nayana/Spring 2026/Simulation and performance Evaluation/Final Project/Project_Skeleton_idea/build/CMakeFiles/CMakeTmp

Run Build Command(s):/usr/bin/make cmTC_dfb07/fast && /Library/Developer/CommandLineTools/usr/bin/make  -f CMakeFiles/cmTC_dfb07.dir/build.make CMakeFiles/cmTC_dfb07.dir/build
Building CXX object CMakeFiles/cmTC_dfb07.dir/testCXXCompiler.cxx.o
/Library/Developer/CommandLineTools/usr/bin/c++    -isysroot /Library/Developer/CommandLineTools/SDKs/MacOSX26.2.sdk -mmacosx-version-min=15.7   -o CMakeFiles/cmTC_dfb07.dir/testCXXCompiler.cxx.o -c "/Users/krutarthtrivedi/Desktop/Nayana/Spring 2026/Simulation and performance Evaluation/Final Project/Project_Skeleton_idea/build/CMakeFiles/CMakeTmp/testCXXCompiler.cxx"
Linking CXX executable cmTC_dfb07
/Applications/CMake.app/Contents/bin/cmake -E cmake_link_script CMakeFiles/cmTC_dfb07.dir/link.txt --verbose=1
/Library/Developer/CommandLineTools/usr/bin/c++    -isysroot /Library/Developer/CommandLineTools/SDKs/MacOSX26.2.sdk -mmacosx-version-min=15.7 -Wl,-search_paths_first -Wl,-headerpad_max_install_names   CMakeFiles/cmTC_dfb07.dir/testCXXCompiler.cxx.o  -o cmTC_dfb07 



Detecting CXX compiler ABI info compiled with the following output:
Change Dir: /Users/krutarthtrivedi/Desktop/Nayana/Spring 2026/Simulation and performance Evaluation/Final Project/Project_Skeleton_idea/build/CMakeFiles/CMakeTmp

Run Build Command(s):/usr/bin/make cmTC_c5662/fast && /Library/Developer/CommandLineTools/usr/bin/make  -f CMakeFiles/cmTC_c5662.dir/build.make CMakeFiles/cmTC_c5662.dir/build
Building CXX object CMakeFiles/cmTC_c5662.dir/CMakeCXXCompilerABI.cpp.o
/Library/Developer/CommandLineTools/usr/bin/c++    -isysroot /Library/Developer/CommandLineTools/SDKs/MacOSX26.2.sdk -mmacosx-version-min=15.7   -v -Wl,-v -o CMakeFiles/cmTC_c5662.dir/CMakeCXXCompilerABI.cpp.o -c /Applications/CMake.app/Contents/share/cmake-3.17/Modules/CMakeCXXCompilerABI.cpp
Apple clang version 17.0.0 (clang-1700.6.4.2)
Target: x86_64-apple-darwin24.6.0
Thread model: posix
InstalledDir: /Library/Developer/CommandLineTools/usr/bin
c++: warning: -Wl,-v: 'linker' input unused [-Wunused-command-line-argument]
ignoring nonexistent directory "/Library/Developer/CommandLineTools/usr/bin/../include/c++/v1"
 "/Library/Developer/CommandLineTools/usr/bin/clang" -cc1 -triple x86_64-apple-macosx15.7.0 -Wundef-prefix=TARGET_OS_ -Wdeprecated-objc-isa-usage -Werror=deprecated-objc-isa-usage -Werror=implicit-function-declaration -emit-obj -disable-free -clear-ast-before-backend -disable-llvm-verifier -discard-value-names -main-file-name CMakeCXXCompilerABI.cpp -mrelocation-model pic -pic-level 2 -mframe-pointer=all -fno-strict-return -ffp-contract=on -fno-rounding-math -funwind-tables=2 -target-sdk-version=26.2 -fvisibility-inlines-hidden-static-local-var -fdefine-target-os-macros -fno-assume-unique-vtables -fno-modulemap-allow-subdirectory-search -target-cpu penryn -tune-cpu generic -debugger-tuning=lldb "-fdebug-compilation-dir=/Users/krutarthtrivedi/Desktop/Nayana/Spring 2026/Simulation and performance Evaluation/Final Project/Project_Skeleton_idea/build/CMakeFiles/CMakeTmp" -target-linker-version 1230.1 -v "-fcoverage-compilation-dir=/Users/krutarthtrivedi/Desktop/Nayana/Spring 2026/Simulation and performance Evaluation/Final Project/Project_Skeleton_idea/build/CMakeFiles/CMakeTmp" -resource-dir /Library/Developer/CommandLineTools/usr/lib/clang/17 -isysroot /Library/Developer/CommandLineTools/SDKs/MacOSX26.2.sdk -internal-isystem /Library/Developer/CommandLineTools/SDKs/MacOSX26.2.sdk/usr/include/c++/v1 -internal-isystem /Library/Developer/CommandLineTools/SDKs/MacOSX26.2.sdk/usr/local/include -internal-isystem /Library/Developer/CommandLineTools/usr/lib/clang/17/include -internal-externc-isystem /Library/Developer/CommandLineTools/SDKs/MacOSX26.2.sdk/usr/include -internal-externc-isystem /Library/Developer/CommandLineTools/usr/include -internal-iframework /Library/Developer/CommandLineTools/SDKs/MacOSX26.2.sdk/System/Library/Frameworks -internal-iframework /Library/Developer/CommandLineTools/SDKs/MacOSX26.2.sdk/System/Library/SubFrameworks -internal-iframework /Library/Developer/CommandLineTools/SDKs/MacOSX26.2.sdk/Library/Frameworks -Wno-reorder-init-list -Wno-implicit-int-float-conversion -Wno-c99-designator -Wno-final-dtor-non-final-class -Wno-extra-semi-stmt -Wno-misleading-indentation -Wno-quoted-include-in-framework-header -Wno-implicit-fallthrough -Wno-enum-enum-conversion -Wno-enum-float-conversion -Wno-elaborated-enum-base -fdeprecated-macro -ferror-limit 19 -stack-protector 1 -fstack-check -mdarwin-stkchk-strong-link -fblocks -fencode-extended-block-signature -fregister-global-dtors-with-atexit -fgnuc-version=4.2.1 -fno-cxx-modules -fskip-odr-check-in-gmf -fcxx-exceptions -fexceptions -fmax-type-align=16 -fcommon -clang-vendor-feature=+disableNonDependentMemberExprInCurrentInstantiation -fno-odr-hash-protocols -clang-vendor-feature=+enableAggressiveVLAFolding -clang-vendor-feature=+revert09abecef7bbf -clang-vendor-feature=+thisNoAlignAttr -clang-vendor-feature=+thisNoNullAttr -clang-vendor-feature=+disableAtImportPrivateFrameworkInImplementationError -D__GCC_HAVE_DWARF2_CFI_ASM=1 -o CMakeFiles/cmTC_c5662.dir/CMakeCXXCompilerABI.cpp.o -x c++ /Applications/CMake.app/Contents/share/cmake-3.17/Modules/CMakeCXXCompilerABI.cpp
clang -cc1 version 17.0.0 (clang-1700.6.4.2) default target x86_64-apple-darwin24.6.0
ignoring nonexistent directory "/Library/Developer/CommandLineTools/SDKs/MacOSX26.2.sdk/usr/local/include"
ignoring nonexistent directory "/Library/Developer/CommandLineTools/SDKs/MacOSX26.2.sdk/Library/Frameworks"
#include "..." search starts here:
#include <...> search starts here:
 /Library/Developer/CommandLineTools/SDKs/MacOSX26.2.sdk/usr/include/c++/v1
 /Library/Developer/CommandLineTools/usr/lib/clang/17/include
 /Library/Developer/CommandLineTools/SDKs/MacOSX26.2.sdk/usr/include
 /Library/Developer/CommandLineTools/usr/include
 /Library/Developer/CommandLineTools/SDKs/MacOSX26.2.sdk/System/Library/Frameworks (framework directory)
 /Library/Developer/CommandLineTools/SDKs/MacOSX26.2.sdk/System/Library/SubFrameworks (framework directory)
End of search list.
Linking CXX executable cmTC_c5662
/Applications/CMake.app/Contents/bin/cmake -E cmake_link_script CMakeFiles/cmTC_c5662.dir/link.txt --verbose=1
/Library/Developer/CommandLineTools/usr/bin/c++    -isysroot /Library/Developer/CommandLineTools/SDKs/MacOSX26.2.sdk -mmacosx-version-min=15.7 -Wl,-search_paths_first -Wl,-headerpad_max_install_names  -v -Wl,-v CMakeFiles/cmTC_c5662.dir/CMakeCXXCompilerABI.cpp.o  -o cmTC_c5662 
Apple clang version 17.0.0 (clang-1700.6.4.2)
Target: x86_64-apple-darwin24.6.0
Thread model: posix
InstalledDir: /Library/Developer/CommandLineTools/usr/bin
 "/Library/Developer/CommandLineTools/usr/bin/ld" -demangle -lto_library /Library/Developer/CommandLineTools/usr/lib/libLTO.dylib -dynamic -arch x86_64 -platform_version macos 15.7.0 26.2 -syslibroot /Library/Developer/CommandLineTools/SDKs/MacOSX26.2.sdk -mllvm -enable-linkonceodr-outlining -o cmTC_c5662 -search_paths_first -headerpad_max_install_names -v CMakeFiles/cmTC_c5662.dir/CMakeCXXCompilerABI.cpp.o -lc++ -lSystem /Library/Developer/CommandLineTools/usr/lib/clang/17/lib/darwin/libclang_rt.osx.a
@(#)PROGRAM:ld PROJECT:ld-1230.1
BUILD 10:12:58 Jan  9 2026
configured to support archs: armv6 armv7 armv7s arm64 arm64e arm64_32 i386 x86_64 x86_64h armv6m armv7k armv7m armv7em armv8m.main armv8.1m.main
will use ld-classic for: armv6 armv7 armv7s i386 armv6m armv7k armv7m armv7em
LTO support using: LLVM version 17.0.0 (static support for 29, runtime is 29)
TAPI support using: Apple TAPI version 17.0.0 (tapi-1700.3.8)
Library search paths:
	/Library/Developer/CommandLineTools/SDKs/MacOSX26.2.sdk/usr/lib
	/Library/Developer/CommandLineTools/SDKs/MacOSX26.2.sdk/usr/lib/swift
Framework search paths:
	/Library/Developer/CommandLineTools/SDKs/MacOSX26.2.sdk/System/Library/Frameworks



Parsed CXX implicit include dir info from above output: rv=done
  found start of include info
  found start of implicit include info
    add: [/Library/Developer/CommandLineTools/SDKs/MacOSX26.2.sdk/usr/include/c++/v1]
    add: [/Library/Developer/CommandLineTools/usr/lib/clang/17/include]
    add: [/Library/Developer/CommandLineTools/SDKs/MacOSX26.2.sdk/usr/include]
    add: [/Library/Developer/CommandLineTools/usr/include]
  end of search list found
  collapse include dir [/Library/Developer/CommandLineTools/SDKs/MacOSX26.2.sdk/usr/include/c++/v1] ==> [/Library/Developer/CommandLineTools/SDKs/MacOSX26.2.sdk/usr/include/c++/v1]
  collapse include dir [/Library/Developer/CommandLineTools/usr/lib/clang/17/include] ==> [/Library/Developer/CommandLineTools/usr/lib/clang/17/include]
  collapse include dir [/Library/Developer/CommandLineTools/SDKs/MacOSX26.2.sdk/usr/include] ==> [/Library/Developer/CommandLineTools/SDKs/MacOSX26.2.sdk/usr/include]
  collapse include dir [/Library/Developer/CommandLineTools/usr/include] ==> [/Library/Developer/CommandLineTools/usr/include]
  implicit include dirs: [/Library/Developer/CommandLineTools/SDKs/MacOSX26.2.sdk/usr/include/c++/v1;/Library/Developer/CommandLineTools/usr/lib/clang/17/include;/Library/Developer/CommandLineTools/SDKs/MacOSX26.2.sdk/usr/include;/Library/Developer/CommandLineTools/usr/include]


Parsed CXX implicit link information from above output:
  link line regex: [^( *|.*[/\])(ld|CMAKE_LINK_STARTFILE-NOTFOUND|([^/\]+-)?ld|collect2)[^/\]*( |$)]
  ignore line: [Change Dir: /Users/krutarthtrivedi/Desktop/Nayana/Spring 2026/Simulation and performance Evaluation/Final Project/Project_Skeleton_idea/build/CMakeFiles/CMakeTmp]
  ignore line: []
  ignore line: [Run Build Command(s):/usr/bin/make cmTC_c5662/fast && /Library/Developer/CommandLineTools/usr/bin/make  -f CMakeFiles/cmTC_c5662.dir/build.make CMakeFiles/cmTC_c5662.dir/build]
  ignore line: [Building CXX object CMakeFiles/cmTC_c5662.dir/CMakeCXXCompilerABI.cpp.o]
  ignore line: [/Library/Developer/CommandLineTools/usr/bin/c++    -isysroot /Library/Developer/CommandLineTools/SDKs/MacOSX26.2.sdk -mmacosx-version-min=15.7   -v -Wl -v -o CMakeFiles/cmTC_c5662.dir/CMakeCXXCompilerABI.cpp.o -c /Applications/CMake.app/Contents/share/cmake-3.17/Modules/CMakeCXXCompilerABI.cpp]
  ignore line: [Apple clang version 17.0.0 (clang-1700.6.4.2)]
  ignore line: [Target: x86_64-apple-darwin24.6.0]
  ignore line: [Thread model: posix]
  ignore line: [InstalledDir: /Library/Developer/CommandLineTools/usr/bin]
  ignore line: [c++: warning: -Wl -v: 'linker' input unused [-Wunused-command-line-argument]]
  ignore line: [ignoring nonexistent directory "/Library/Developer/CommandLineTools/usr/bin/../include/c++/v1"]
  ignore line: [ "/Library/Developer/CommandLineTools/usr/bin/clang" -cc1 -triple x86_64-apple-macosx15.7.0 -Wundef-prefix=TARGET_OS_ -Wdeprecated-objc-isa-usage -Werror=deprecated-objc-isa-usage -Werror=implicit-function-declaration -emit-obj -disable-free -clear-ast-before-backend -disable-llvm-verifier -discard-value-names -main-file-name CMakeCXXCompilerABI.cpp -mrelocation-model pic -pic-level 2 -mframe-pointer=all -fno-strict-return -ffp-contract=on -fno-rounding-math -funwind-tables=2 -target-sdk-version=26.2 -fvisibility-inlines-hidden-static-local-var -fdefine-target-os-macros -fno-assume-unique-vtables -fno-modulemap-allow-subdirectory-search -target-cpu penryn -tune-cpu generic -debugger-tuning=lldb "-fdebug-compilation-dir=/Users/krutarthtrivedi/Desktop/Nayana/Spring 2026/Simulation and performance Evaluation/Final Project/Project_Skeleton_idea/build/CMakeFiles/CMakeTmp" -target-linker-version 1230.1 -v "-fcoverage-compilation-dir=/Users/krutarthtrivedi/Desktop/Nayana/Spring 2026/Simulation and performance Evaluation/Final Project/Project_Skeleton_idea/build/CMakeFiles/CMakeTmp" -resource-dir /Library/Developer/CommandLineTools/usr/lib/clang/17 -isysroot /Library/Developer/CommandLineTools/SDKs/MacOSX26.2.sdk -internal-isystem /Library/Developer/CommandLineTools/SDKs/MacOSX26.2.sdk/usr/include/c++/v1 -internal-isystem /Library/Developer/CommandLineTools/SDKs/MacOSX26.2.sdk/usr/local/include -internal-isystem /Library/Developer/CommandLineTools/usr/lib/clang/17/include -internal-externc-isystem /Library/Developer/CommandLineTools/SDKs/MacOSX26.2.sdk/usr/include -internal-externc-isystem /Library/Developer/CommandLineTools/usr/include -internal-iframework /Library/Developer/CommandLineTools/SDKs/MacOSX26.2.sdk/System/Library/Frameworks -internal-iframework /Library/Developer/CommandLineTools/SDKs/MacOSX26.2.sdk/System/Library/SubFrameworks -internal-iframework /Library/Developer/CommandLineTools/SDKs/MacOSX26.2.sdk/Library/Frameworks -Wno-reorder-init-list -Wno-implicit-int-float-conversion -Wno-c99-designator -Wno-final-dtor-non-final-class -Wno-extra-semi-stmt -Wno-misleading-indentation -Wno-quoted-include-in-framework-header -Wno-implicit-fallthrough -Wno-enum-enum-conversion -Wno-enum-float-conversion -Wno-elaborated-enum-base -fdeprecated-macro -ferror-limit 19 -stack-protector 1 -fstack-check -mdarwin-stkchk-strong-link -fblocks -fencode-extended-block-signature -fregister-global-dtors-with-atexit -fgnuc-version=4.2.1 -fno-cxx-modules -fskip-odr-check-in-gmf -fcxx-exceptions -fexceptions -fmax-type-align=16 -fcommon -clang-vendor-feature=+disableNonDependentMemberExprInCurrentInstantiation -fno-odr-hash-protocols -clang-vendor-feature=+enableAggressiveVLAFolding -clang-vendor-feature=+revert09abecef7bbf -clang-vendor-feature=+thisNoAlignAttr -clang-vendor-feature=+thisNoNullAttr -clang-vendor-feature=+disableAtImportPrivateFrameworkInImplementationError -D__GCC_HAVE_DWARF2_CFI_ASM=1 -o CMakeFiles/cmTC_c5662.dir/CMakeCXXCompilerABI.cpp.o -x c++ /Applications/CMake.app/Contents/share/cmake-3.17/Modules/CMakeCXXCompilerABI.cpp]
  ignore line: [clang -cc1 version 17.0.0 (clang-1700.6.4.2) default target x86_64-apple-darwin24.6.0]
  ignore line: [ignoring nonexistent directory "/Library/Developer/CommandLineTools/SDKs/MacOSX26.2.sdk/usr/local/include"]
  ignore line: [ignoring nonexistent directory "/Library/Developer/CommandLineTools/SDKs/MacOSX26.2.sdk/Library/Frameworks"]
  ignore line: [#include "..." search starts here:]
  ignore line: [#include <...> search starts here:]
  ignore line: [ /Library/Developer/CommandLineTools/SDKs/MacOSX26.2.sdk/usr/include/c++/v1]
  ignore line: [ /Library/Developer/CommandLineTools/usr/lib/clang/17/include]
  ignore line: [ /Library/Developer/CommandLineTools/SDKs/MacOSX26.2.sdk/usr/include]
  ignore line: [ /Library/Developer/CommandLineTools/usr/include]
  ignore line: [ /Library/Developer/CommandLineTools/SDKs/MacOSX26.2.sdk/System/Library/Frameworks (framework directory)]
  ignore line: [ /Library/Developer/CommandLineTools/SDKs/MacOSX26.2.sdk/System/Library/SubFrameworks (framework directory)]
  ignore line: [End of search list.]
  ignore line: [Linking CXX executable cmTC_c5662]
  ignore line: [/Applications/CMake.app/Contents/bin/cmake -E cmake_link_script CMakeFiles/cmTC_c5662.dir/link.txt --verbose=1]
  ignore line: [/Library/Developer/CommandLineTools/usr/bin/c++    -isysroot /Library/Developer/CommandLineTools/SDKs/MacOSX26.2.sdk -mmacosx-version-min=15.7 -Wl -search_paths_first -Wl -headerpad_max_install_names  -v -Wl -v CMakeFiles/cmTC_c5662.dir/CMakeCXXCompilerABI.cpp.o  -o cmTC_c5662 ]
  ignore line: [Apple clang version 17.0.0 (clang-1700.6.4.2)]
  ignore line: [Target: x86_64-apple-darwin24.6.0]
  ignore line: [Thread model: posix]
  ignore line: [InstalledDir: /Library/Developer/CommandLineTools/usr/bin]
  link line: [ "/Library/Developer/CommandLineTools/usr/bin/ld" -demangle -lto_library /Library/Developer/CommandLineTools/usr/lib/libLTO.dylib -dynamic -arch x86_64 -platform_version macos 15.7.0 26.2 -syslibroot /Library/Developer/CommandLineTools/SDKs/MacOSX26.2.sdk -mllvm -enable-linkonceodr-outlining -o cmTC_c5662 -search_paths_first -headerpad_max_install_names -v CMakeFiles/cmTC_c5662.dir/CMakeCXXCompilerABI.cpp.o -lc++ -lSystem /Library/Developer/CommandLineTools/usr/lib/clang/17/lib/darwin/libclang_rt.osx.a]
    arg [/Library/Developer/CommandLineTools/usr/bin/ld] ==> ignore
    arg [-demangle] ==> ignore
    arg [-lto_library] ==> ignore, skip following value
    arg [/Library/Developer/CommandLineTools/usr/lib/libLTO.dylib] ==> skip value of -lto_library
    arg [-dynamic] ==> ignore
    arg [-arch] ==> ignore
    arg [x86_64] ==> ignore
    arg [-platform_version] ==> ignore
    arg [macos] ==> ignore
    arg [15.7.0] ==> ignore
    arg [26.2] ==> ignore
    arg [-syslibroot] ==> ignore
    arg [/Library/Developer/CommandLineTools/SDKs/MacOSX26.2.sdk] ==> ignore
    arg [-mllvm] ==> ignore
    arg [-enable-linkonceodr-outlining] ==> ignore
    arg [-o] ==> ignore
    arg [cmTC_c5662] ==> ignore
    arg [-search_paths_first] ==> ignore
    arg [-headerpad_max_install_names] ==> ignore
    arg [-v] ==> ignore
    arg [CMakeFiles/cmTC_c5662.dir/CMakeCXXCompilerABI.cpp.o] ==> ignore
    arg [-lc++] ==> lib [c++]
    arg [-lSystem] ==> lib [System]
    arg [/Library/Developer/CommandLineTools/usr/lib/clang/17/lib/darwin/libclang_rt.osx.a] ==> lib [/Library/Developer/CommandLineTools/usr/lib/clang/17/lib/darwin/libclang_rt.osx.a]
  Library search paths: [;/Library/Developer/CommandLineTools/SDKs/MacOSX26.2.sdk/usr/lib;/Library/Developer/CommandLineTools/SDKs/MacOSX26.2.sdk/usr/lib/swift]
  Framework search paths: [;/Library/Developer/CommandLineTools/SDKs/MacOSX26.2.sdk/System/Library/Frameworks]
  remove lib [System]
  remove lib [/Library/Developer/CommandLineTools/usr/lib/clang/17/lib/darwin/libclang_rt.osx.a]
  collapse library dir [/Library/Developer/CommandLineTools/SDKs/MacOSX26.2.sdk/usr/lib] ==> [/Library/Developer/CommandLineTools/SDKs/MacOSX26.2.sdk/usr/lib]
  collapse library dir [/Library/Developer/CommandLineTools/SDKs/MacOSX26.2.sdk/usr/lib/swift] ==> [/Library/Developer/CommandLineTools/SDKs/MacOSX26.2.sdk/usr/lib/swift]
  collapse framework dir [/Library/Developer/CommandLineTools/SDKs/MacOSX26.2.sdk/System/Library/Frameworks] ==> [/Library/Developer/CommandLineTools/SDKs/MacOSX26.2.sdk/System/Library/Frameworks]
  implicit libs: [c++]
  implicit dirs: [/Library/Developer/CommandLineTools/SDKs/MacOSX26.2.sdk/usr/lib;/Library/Developer/CommandLineTools/SDKs/MacOSX26.2.sdk/usr/lib/swift]
  implicit fwks: [/Library/Developer/CommandLineTools/SDKs/MacOSX26.2.sdk/System/Library/Frameworks]


Determining if the C compiler works passed with the following output:
Change Dir: /Users/krutarthtrivedi/Desktop/Nayana/Spring 2026/Simulation and performance Evaluation/Final Project/Project_Skeleton_idea/build/CMakeFiles/CMakeTmp

Run Build Command(s):/usr/bin/make cmTC_ded99/fast && /Library/Developer/CommandLineTools/usr/bin/make  -f CMakeFiles/cmTC_ded99.dir/build.make CMakeFiles/cmTC_ded99.dir/build
Building C object CMakeFiles/cmTC_ded99.dir/testCCompiler.c.o
/Library/Developer/CommandLineTools/usr/bin/cc   -isysroot /Library/Developer/CommandLineTools/SDKs/MacOSX26.2.sdk -mmacosx-version-min=15.7   -o CMakeFiles/cmTC_ded99.dir/testCCompiler.c.o   -c "/Users/krutarthtrivedi/Desktop/Nayana/Spring 2026/Simulation and performance Evaluation/Final Project/Project_Skeleton_idea/build/CMakeFiles/CMakeTmp/testCCompiler.c"
Linking C executable cmTC_ded99
/Applications/CMake.app/Contents/bin/cmake -E cmake_link_script CMakeFiles/cmTC_ded99.dir/link.txt --verbose=1
/Library/Developer/CommandLineTools/usr/bin/cc   -isysroot /Library/Developer/CommandLineTools/SDKs/MacOSX26.2.sdk -mmacosx-version-min=15.7 -Wl,-search_paths_first -Wl,-headerpad_max_install_names   CMakeFiles/cmTC_ded99.dir/testCCompiler.c.o  -o cmTC_ded99 



Detecting C compiler ABI info compiled with the following output:
Change Dir: /Users/krutarthtrivedi/Desktop/Nayana/Spring 2026/Simulation and performance Evaluation/Final Project/Project_Skeleton_idea/build/CMakeFiles/CMakeTmp

Run Build Command(s):/usr/bin/make cmTC_8a381/fast && /Library/Developer/CommandLineTools/usr/bin/make  -f CMakeFiles/cmTC_8a381.dir/build.make CMakeFiles/cmTC_8a381.dir/build
Building C object CMakeFiles/cmTC_8a381.dir/CMakeCCompilerABI.c.o
/Library/Developer/CommandLineTools/usr/bin/cc   -isysroot /Library/Developer/CommandLineTools/SDKs/MacOSX26.2.sdk -mmacosx-version-min=15.7   -v -Wl,-v -o CMakeFiles/cmTC_8a381.dir/CMakeCCompilerABI.c.o   -c /Applications/CMake.app/Contents/share/cmake-3.17/Modules/CMakeCCompilerABI.c
Apple clang version 17.0.0 (clang-1700.6.4.2)
Target: x86_64-apple-darwin24.6.0
Thread model: posix
InstalledDir: /Library/Developer/CommandLineTools/usr/bin
cc: warning: -Wl,-v: 'linker' input unused [-Wunused-command-line-argument]
 "/Library/Developer/CommandLineTools/usr/bin/clang" -cc1 -triple x86_64-apple-macosx15.7.0 -Wundef-prefix=TARGET_OS_ -Wdeprecated-objc-isa-usage -Werror=deprecated-objc-isa-usage -Werror=implicit-function-declaration -emit-obj -disable-free -clear-ast-before-backend -disable-llvm-verifier -discard-value-names -main-file-name CMakeCCompilerABI.c -mrelocation-model pic -pic-level 2 -mframe-pointer=all -fno-strict-return -ffp-contract=on -fno-rounding-math -funwind-tables=2 -target-sdk-version=26.2 -fvisibility-inlines-hidden-static-local-var -fdefine-target-os-macros -fno-assume-unique-vtables -fno-modulemap-allow-subdirectory-search -target-cpu penryn -tune-cpu generic -debugger-tuning=lldb "-fdebug-compilation-dir=/Users/krutarthtrivedi/Desktop/Nayana/Spring 2026/Simulation and performance Evaluation/Final Project/Project_Skeleton_idea/build/CMakeFiles/CMakeTmp" -target-linker-version 1230.1 -v "-fcoverage-compilation-dir=/Users/krutarthtrivedi/Desktop/Nayana/Spring 2026/Simulation and performance Evaluation/Final Project/Project_Skeleton_idea/build/CMakeFiles/CMakeTmp" -resource-dir /Library/Developer/CommandLineTools/usr/lib/clang/17 -isysroot /Library/Developer/CommandLineTools/SDKs/MacOSX26.2.sdk -internal-isystem /Library/Developer/CommandLineTools/SDKs/MacOSX26.2.sdk/usr/local/include -internal-isystem /Library/Developer/CommandLineTools/usr/lib/clang/17/include -internal-externc-isystem /Library/Developer/CommandLineTools/SDKs/MacOSX26.2.sdk/usr/include -internal-externc-isystem /Library/Developer/CommandLineTools/usr/include -internal-iframework /Library/Developer/CommandLineTools/SDKs/MacOSX26.2.sdk/System/Library/Frameworks -internal-iframework /Library/Developer/CommandLineTools/SDKs/MacOSX26.2.sdk/System/Library/SubFrameworks -internal-iframework /Library/Developer/CommandLineTools/SDKs/MacOSX26.2.sdk/Library/Frameworks -Wno-reorder-init-list -Wno-implicit-int-float-conversion -Wno-c99-designator -Wno-final-dtor-non-final-class -Wno-extra-semi-stmt -Wno-misleading-indentation -Wno-quoted-include-in-framework-header -Wno-implicit-fallthrough -Wno-enum-enum-conversion -Wno-enum-float-conversion -Wno-elaborated-enum-base -ferror-limit 19 -stack-protector 1 -fstack-check -mdarwin-stkchk-strong-link -fblocks -fencode-extended-block-signature -fregister-global-dtors-with-atexit -fgnuc-version=4.2.1 -fskip-odr-check-in-gmf -fmax-type-align=16 -fcommon -clang-vendor-feature=+disableNonDependentMemberExprInCurrentInstantiation -fno-odr-hash-protocols -clang-vendor-feature=+enableAggressiveVLAFolding -clang-vendor-feature=+revert09abecef7bbf -clang-vendor-feature=+thisNoAlignAttr -clang-vendor-feature=+thisNoNullAttr -clang-vendor-feature=+disableAtImportPrivateFrameworkInImplementationError -D__GCC_HAVE_DWARF2_CFI_ASM=1 -o CMakeFiles/cmTC_8a381.dir/CMakeCCompilerABI.c.o -x c /Applications/CMake.app/Contents/share/cmake-3.17/Modules/CMakeCCompilerABI.c
clang -cc1 version 17.0.0 (clang-1700.6.4.2) default target x86_64-apple-darwin24.6.0
ignoring nonexistent directory "/Library/Developer/CommandLineTools/SDKs/MacOSX26.2.sdk/usr/local/include"
ignoring nonexistent directory "/Library/Developer/CommandLineTools/SDKs/MacOSX26.2.sdk/Library/Frameworks"
#include "..." search starts here:
#include <...> search starts here:
 /Library/Developer/CommandLineTools/usr/lib/clang/17/include
 /Library/Developer/CommandLineTools/SDKs/MacOSX26.2.sdk/usr/include
 /Library/Developer/CommandLineTools/usr/include
 /Library/Developer/CommandLineTools/SDKs/MacOSX26.2.sdk/System/Library/Frameworks (framework directory)
 /Library/Developer/CommandLineTools/SDKs/MacOSX26.2.sdk/System/Library/SubFrameworks (framework directory)
End of search list.
Linking C executable cmTC_8a381
/Applications/CMake.app/Contents/bin/cmake -E cmake_link_script CMakeFiles/cmTC_8a381.dir/link.txt --verbose=1
/Library/Developer/CommandLineTools/usr/bin/cc   -isysroot /Library/Developer/CommandLineTools/SDKs/MacOSX26.2.sdk -mmacosx-version-min=15.7 -Wl,-search_paths_first -Wl,-headerpad_max_install_names  -v -Wl,-v CMakeFiles/cmTC_8a381.dir/CMakeCCompilerABI.c.o  -o cmTC_8a381 
Apple clang version 17.0.0 (clang-1700.6.4.2)
Target: x86_64-apple-darwin24.6.0
Thread model: posix
InstalledDir: /Library/Developer/CommandLineTools/usr/bin
 "/Library/Developer/CommandLineTools/usr/bin/ld" -demangle -lto_library /Library/Developer/CommandLineTools/usr/lib/libLTO.dylib -dynamic -arch x86_64 -platform_version macos 15.7.0 26.2 -syslibroot /Library/Developer/CommandLineTools/SDKs/MacOSX26.2.sdk -mllvm -enable-linkonceodr-outlining -o cmTC_8a381 -search_paths_first -headerpad_max_install_names -v CMakeFiles/cmTC_8a381.dir/CMakeCCompilerABI.c.o -lSystem /Library/Developer/CommandLineTools/usr/lib/clang/17/lib/darwin/libclang_rt.osx.a
@(#)PROGRAM:ld PROJECT:ld-1230.1
BUILD 10:12:58 Jan  9 2026
configured to support archs: armv6 armv7 armv7s arm64 arm64e arm64_32 i386 x86_64 x86_64h armv6m armv7k armv7m armv7em armv8m.main armv8.1m.main
will use ld-classic for: armv6 armv7 armv7s i386 armv6m armv7k armv7m armv7em
LTO support using: LLVM version 17.0.0 (static support for 29, runtime is 29)
TAPI support using: Apple TAPI version 17.0.0 (tapi-1700.3.8)
Library search paths:
	/Library/Developer/CommandLineTools/SDKs/MacOSX26.2.sdk/usr/lib
	/Library/Developer/CommandLineTools/SDKs/MacOSX26.2.sdk/usr/lib/swift
Framework search paths:
	/Library/Developer/CommandLineTools/SDKs/MacOSX26.2.sdk/System/Library/Frameworks



Parsed C implicit include dir info from above output: rv=done
  found start of include info
  found start of implicit include info
    add: [/Library/Developer/CommandLineTools/usr/lib/clang/17/include]
    add: [/Library/Developer/CommandLineTools/SDKs/MacOSX26.2.sdk/usr/include]
    add: [/Library/Developer/CommandLineTools/usr/include]
  end of search list found
  collapse include dir [/Library/Developer/CommandLineTools/usr/lib/clang/17/include] ==> [/Library/Developer/CommandLineTools/usr/lib/clang/17/include]
  collapse include dir [/Library/Developer/CommandLineTools/SDKs/MacOSX26.2.sdk/usr/include] ==> [/Library/Developer/CommandLineTools/SDKs/MacOSX26.2.sdk/usr/include]
  collapse include dir [/Library/Developer/CommandLineTools/usr/include] ==> [/Library/Developer/CommandLineTools/usr/include]
  implicit include dirs: [/Library/Developer/CommandLineTools/usr/lib/clang/17/include;/Library/Developer/CommandLineTools/SDKs/MacOSX26.2.sdk/usr/include;/Library/Developer/CommandLineTools/usr/include]


Parsed C implicit link information from above output:
  link line regex: [^( *|.*[/\])(ld|CMAKE_LINK_STARTFILE-NOTFOUND|([^/\]+-)?ld|collect2)[^/\]*( |$)]
  ignore line: [Change Dir: /Users/krutarthtrivedi/Desktop/Nayana/Spring 2026/Simulation and performance Evaluation/Final Project/Project_Skeleton_idea/build/CMakeFiles/CMakeTmp]
  ignore line: []
  ignore line: [Run Build Command(s):/usr/bin/make cmTC_8a381/fast && /Library/Developer/CommandLineTools/usr/bin/make  -f CMakeFiles/cmTC_8a381.dir/build.make CMakeFiles/cmTC_8a381.dir/build]
  ignore line: [Building C object CMakeFiles/cmTC_8a381.dir/CMakeCCompilerABI.c.o]
  ignore line: [/Library/Developer/CommandLineTools/usr/bin/cc   -isysroot /Library/Developer/CommandLineTools/SDKs/MacOSX26.2.sdk -mmacosx-version-min=15.7   -v -Wl -v -o CMakeFiles/cmTC_8a381.dir/CMakeCCompilerABI.c.o   -c /Applications/CMake.app/Contents/share/cmake-3.17/Modules/CMakeCCompilerABI.c]
  ignore line: [Apple clang version 17.0.0 (clang-1700.6.4.2)]
  ignore line: [Target: x86_64-apple-darwin24.6.0]
  ignore line: [Thread model: posix]
  ignore line: [InstalledDir: /Library/Developer/CommandLineTools/usr/bin]
  ignore line: [cc: warning: -Wl -v: 'linker' input unused [-Wunused-command-line-argument]]
  ignore line: [ "/Library/Developer/CommandLineTools/usr/bin/clang" -cc1 -triple x86_64-apple-macosx15.7.0 -Wundef-prefix=TARGET_OS_ -Wdeprecated-objc-isa-usage -Werror=deprecated-objc-isa-usage -Werror=implicit-function-declaration -emit-obj -disable-free -clear-ast-before-backend -disable-llvm-verifier -discard-value-names -main-file-name CMakeCCompilerABI.c -mrelocation-model pic -pic-level 2 -mframe-pointer=all -fno-strict-return -ffp-contract=on -fno-rounding-math -funwind-tables=2 -target-sdk-version=26.2 -fvisibility-inlines-hidden-static-local-var -fdefine-target-os-macros -fno-assume-unique-vtables -fno-modulemap-allow-subdirectory-search -target-cpu penryn -tune-cpu generic -debugger-tuning=lldb "-fdebug-compilation-dir=/Users/krutarthtrivedi/Desktop/Nayana/Spring 2026/Simulation and performance Evaluation/Final Project/Project_Skeleton_idea/build/CMakeFiles/CMakeTmp" -target-linker-version 1230.1 -v "-fcoverage-compilation-dir=/Users/krutarthtrivedi/Desktop/Nayana/Spring 2026/Simulation and performance Evaluation/Final Project/Project_Skeleton_idea/build/CMakeFiles/CMakeTmp" -resource-dir /Library/Developer/CommandLineTools/usr/lib/clang/17 -isysroot /Library/Developer/CommandLineTools/SDKs/MacOSX26.2.sdk -internal-isystem /Library/Developer/CommandLineTools/SDKs/MacOSX26.2.sdk/usr/local/include -internal-isystem /Library/Developer/CommandLineTools/usr/lib/clang/17/include -internal-externc-isystem /Library/Developer/CommandLineTools/SDKs/MacOSX26.2.sdk/usr/include -internal-externc-isystem /Library/Developer/CommandLineTools/usr/include -internal-iframework /Library/Developer/CommandLineTools/SDKs/MacOSX26.2.sdk/System/Library/Frameworks -internal-iframework /Library/Developer/CommandLineTools/SDKs/MacOSX26.2.sdk/System/Library/SubFrameworks -internal-iframework /Library/Developer/CommandLineTools/SDKs/MacOSX26.2.sdk/Library/Frameworks -Wno-reorder-init-list -Wno-implicit-int-float-conversion -Wno-c99-designator -Wno-final-dtor-non-final-class -Wno-extra-semi-stmt -Wno-misleading-indentation -Wno-quoted-include-in-framework-header -Wno-implicit-fallthrough -Wno-enum-enum-conversion -Wno-enum-float-conversion -Wno-elaborated-enum-base -ferror-limit 19 -stack-protector 1 -fstack-check -mdarwin-stkchk-strong-link -fblocks -fencode-extended-block-signature -fregister-global-dtors-with-atexit -fgnuc-version=4.2.1 -fskip-odr-check-in-gmf -fmax-type-align=16 -fcommon -clang-vendor-feature=+disableNonDependentMemberExprInCurrentInstantiation -fno-odr-hash-protocols -clang-vendor-feature=+enableAggressiveVLAFolding -clang-vendor-feature=+revert09abecef7bbf -clang-vendor-feature=+thisNoAlignAttr -clang-vendor-feature=+thisNoNullAttr -clang-vendor-feature=+disableAtImportPrivateFrameworkInImplementationError -D__GCC_HAVE_DWARF2_CFI_ASM=1 -o CMakeFiles/cmTC_8a381.dir/CMakeCCompilerABI.c.o -x c /Applications/CMake.app/Contents/share/cmake-3.17/Modules/CMakeCCompilerABI.c]
  ignore line: [clang -cc1 version 17.0.0 (clang-1700.6.4.2) default target x86_64-apple-darwin24.6.0]
  ignore line: [ignoring nonexistent directory "/Library/Developer/CommandLineTools/SDKs/MacOSX26.2.sdk/usr/local/include"]
  ignore line: [ignoring nonexistent directory "/Library/Developer/CommandLineTools/SDKs/MacOSX26.2.sdk/Library/Frameworks"]
  ignore line: [#include "..." search starts here:]
  ignore line: [#include <...> search starts here:]
  ignore line: [ /Library/Developer/CommandLineTools/usr/lib/clang/17/include]
  ignore line: [ /Library/Developer/CommandLineTools/SDKs/MacOSX26.2.sdk/usr/include]
  ignore line: [ /Library/Developer/CommandLineTools/usr/include]
  ignore line: [ /Library/Developer/CommandLineTools/SDKs/MacOSX26.2.sdk/System/Library/Frameworks (framework directory)]
  ignore line: [ /Library/Developer/CommandLineTools/SDKs/MacOSX26.2.sdk/System/Library/SubFrameworks (framework directory)]
  ignore line: [End of search list.]
  ignore line: [Linking C executable cmTC_8a381]
  ignore line: [/Applications/CMake.app/Contents/bin/cmake -E cmake_link_script CMakeFiles/cmTC_8a381.dir/link.txt --verbose=1]
  ignore line: [/Library/Developer/CommandLineTools/usr/bin/cc   -isysroot /Library/Developer/CommandLineTools/SDKs/MacOSX26.2.sdk -mmacosx-version-min=15.7 -Wl -search_paths_first -Wl -headerpad_max_install_names  -v -Wl -v CMakeFiles/cmTC_8a381.dir/CMakeCCompilerABI.c.o  -o cmTC_8a381 ]
  ignore line: [Apple clang version 17.0.0 (clang-1700.6.4.2)]
  ignore line: [Target: x86_64-apple-darwin24.6.0]
  ignore line: [Thread model: posix]
  ignore line: [InstalledDir: /Library/Developer/CommandLineTools/usr/bin]
  link line: [ "/Library/Developer/CommandLineTools/usr/bin/ld" -demangle -lto_library /Library/Developer/CommandLineTools/usr/lib/libLTO.dylib -dynamic -arch x86_64 -platform_version macos 15.7.0 26.2 -syslibroot /Library/Developer/CommandLineTools/SDKs/MacOSX26.2.sdk -mllvm -enable-linkonceodr-outlining -o cmTC_8a381 -search_paths_first -headerpad_max_install_names -v CMakeFiles/cmTC_8a381.dir/CMakeCCompilerABI.c.o -lSystem /Library/Developer/CommandLineTools/usr/lib/clang/17/lib/darwin/libclang_rt.osx.a]
    arg [/Library/Developer/CommandLineTools/usr/bin/ld] ==> ignore
    arg [-demangle] ==> ignore
    arg [-lto_library] ==> ignore, skip following value
    arg [/Library/Developer/CommandLineTools/usr/lib/libLTO.dylib] ==> skip value of -lto_library
    arg [-dynamic] ==> ignore
    arg [-arch] ==> ignore
    arg [x86_64] ==> ignore
    arg [-platform_version] ==> ignore
    arg [macos] ==> ignore
    arg [15.7.0] ==> ignore
    arg [26.2] ==> ignore
    arg [-syslibroot] ==> ignore
    arg [/Library/Developer/CommandLineTools/SDKs/MacOSX26.2.sdk] ==> ignore
    arg [-mllvm] ==> ignore
    arg [-enable-linkonceodr-outlining] ==> ignore
    arg [-o] ==> ignore
    arg [cmTC_8a381] ==> ignore
    arg [-search_paths_first] ==> ignore
    arg [-headerpad_max_install_names] ==> ignore
    arg [-v] ==> ignore
    arg [CMakeFiles/cmTC_8a381.dir/CMakeCCompilerABI.c.o] ==> ignore
    arg [-lSystem] ==> lib [System]
    arg [/Library/Developer/CommandLineTools/usr/lib/clang/17/lib/darwin/libclang_rt.osx.a] ==> lib [/Library/Developer/CommandLineTools/usr/lib/clang/17/lib/darwin/libclang_rt.osx.a]
  Library search paths: [;/Library/Developer/CommandLineTools/SDKs/MacOSX26.2.sdk/usr/lib;/Library/Developer/CommandLineTools/SDKs/MacOSX26.2.sdk/usr/lib/swift]
  Framework search paths: [;/Library/Developer/CommandLineTools/SDKs/MacOSX26.2.sdk/System/Library/Frameworks]
  remove lib [System]
  remove lib [/Library/Developer/CommandLineTools/usr/lib/clang/17/lib/darwin/libclang_rt.osx.a]
  collapse library dir [/Library/Developer/CommandLineTools/SDKs/MacOSX26.2.sdk/usr/lib] ==> [/Library/Developer/CommandLineTools/SDKs/MacOSX26.2.sdk/usr/lib]
  collapse library dir [/Library/Developer/CommandLineTools/SDKs/MacOSX26.2.sdk/usr/lib/swift] ==> [/Library/Developer/CommandLineTools/SDKs/MacOSX26.2.sdk/usr/lib/swift]
  collapse framework dir [/Library/Developer/CommandLineTools/SDKs/MacOSX26.2.sdk/System/Library/Frameworks] ==> [/Library/Developer/CommandLineTools/SDKs/MacOSX26.2.sdk/System/Library/Frameworks]
  implicit libs: []
  implicit dirs: [/Library/Developer/CommandLineTools/SDKs/MacOSX26.2.sdk/usr/lib;/Library/Developer/CommandLineTools/SDKs/MacOSX26.2.sdk/usr/lib/swift]
  implicit fwks: [/Library/Developer/CommandLineTools/SDKs/MacOSX26.2.sdk/System/Library/Frameworks]


